{"name": "test_check_identifier_project", "status": "failed", "statusDetails": {"message": "AssertionError: the identifier project is different than expected\nassert <bound method SpecificProject.find_identifire_project of <pages.specific_project.SpecificProject object at 0x037A7A30>> == <bound method SpecificProject.find_expected_identifire_project of <pages.specific_project.SpecificProject object at 0x037A7A30>>", "trace": "self = <tests.test_specificProject.Test_HomePage object at 0x037A79E8>\n\n    def test_check_identifier_project(self):\n    \n        self.specificProject=SpecificProject(self.driver)\n        self.specificProject.do_user_login(TestData.USER_NAME,TestData.PASSWORD)\n        self.specificProject.get_to_relevant_url()\n        identifier_project=self.specificProject.find_identifire_project\n        expected_identifire_project=self.specificProject.find_expected_identifire_project\n>       assert (identifier_project == expected_identifire_project), \"the identifier project is different than expected\"\nE       AssertionError: the identifier project is different than expected\nE       assert <bound method SpecificProject.find_identifire_project of <pages.specific_project.SpecificProject object at 0x037A7A30>> == <bound method SpecificProject.find_expected_identifire_project of <pages.specific_project.SpecificProject object at 0x037A7A30>>\n\ntests\\test_specificProject.py:20: AssertionError"}, "steps": [{"name": "do_user_login", "status": "passed", "parameters": [{"name": "user_name", "value": "'shdover0@gmail.com'"}, {"name": "password", "value": "'Sholit3100'"}], "start": 1624304447330, "stop": 1624304449142}, {"name": "get_to_relevant_url", "status": "passed", "start": 1624304449142, "stop": 1624304449827}], "attachments": [{"name": "stdout", "source": "257e5104-a3f4-4ef0-99a3-bd65a8d9cb82-attachment.txt", "type": "text/plain"}], "start": 1624304423916, "stop": 1624304449829, "uuid": "f8c41ccc-75ac-4aae-9aee-4039555dbcf2", "historyId": "6ae4d91cb9ddcd279279d52ff34ccf95", "testCaseId": "9f1bfa425ed601846c617e485b08219f", "fullName": "tests.test_specificProject.Test_HomePage#test_check_identifier_project", "labels": [{"name": "tag", "value": "@pytest.mark.usefixtures('init_driver')"}, {"name": "parentSuite", "value": "tests"}, {"name": "suite", "value": "test_specificProject"}, {"name": "subSuite", "value": "Test_HomePage"}, {"name": "host", "value": "shalom-PC"}, {"name": "thread", "value": "10556-MainThread"}, {"name": "framework", "value": "pytest"}, {"name": "language", "value": "cpython3"}, {"name": "package", "value": "tests.test_specificProject"}]}